project/android_test/wiifshare/app/build/intermediates/manifest_merge_blame_file/debug/manifest-merger-blame-debug-report.txt
1<?xml version="1.0" encoding="utf-8"?>
2<!--
3 AndroidManifest.xml
4     Declares all permissions required for WiFi Direct file transfer,
5     camera access for QR scanning, and all application activities.
6-->
7<manifest xmlns:android="http://schemas.android.com/apk/res/android"
8    package="com.atezhare"
9    android:versionCode="1"
10    android:versionName="1.0" >
11
12    <uses-sdk
13        android:minSdkVersion="26"
14        android:targetSdkVersion="34" />
15
16    <!-- WiFi Direct permissions -->
17    <uses-permission android:name="android.permission.ACCESS_WIFI_STATE" />
17-->src\main\AndroidManifest.xml:9:5-76
17-->src\main\AndroidManifest.xml:9:22-73
18    <uses-permission android:name="android.permission.CHANGE_WIFI_STATE" />
18-->src\main\AndroidManifest.xml:10:5-76
18-->src\main\AndroidManifest.xml:10:22-73
19    <uses-permission android:name="android.permission.ACCESS_FINE_LOCATION" />
19-->src\main\AndroidManifest.xml:11:5-79
19-->src\main\AndroidManifest.xml:11:22-76
20    <uses-permission android:name="android.permission.ACCESS_COARSE_LOCATION" />
20-->src\main\AndroidManifest.xml:12:5-81
20-->src\main\AndroidManifest.xml:12:22-78
21    <uses-permission
21-->src\main\AndroidManifest.xml:13:5-15:38
22        android:name="android.permission.NEARBY_WIFI_DEVICES"
22-->src\main\AndroidManifest.xml:13:22-75
23        android:usesPermissionFlags="neverForLocation" />
23-->src\main\AndroidManifest.xml:14:9-55
24    <uses-permission android:name="android.permission.INTERNET" />
24-->src\main\AndroidManifest.xml:16:5-67
24-->src\main\AndroidManifest.xml:16:22-64
25
26    <!-- File access -->
27    <uses-permission
27-->src\main\AndroidManifest.xml:19:5-20:38
28        android:name="android.permission.READ_EXTERNAL_STORAGE"
28-->src\main\AndroidManifest.xml:19:22-77
29        android:maxSdkVersion="32" />
29-->src\main\AndroidManifest.xml:20:9-35
30    <uses-permission android:name="android.permission.READ_MEDIA_IMAGES" />
30-->src\main\AndroidManifest.xml:21:5-76
30-->src\main\AndroidManifest.xml:21:22-73
31    <uses-permission android:name="android.permission.READ_MEDIA_VIDEO" />
31-->src\main\AndroidManifest.xml:22:5-75
31-->src\main\AndroidManifest.xml:22:22-72
32    <uses-permission android:name="android.permission.READ_MEDIA_AUDIO" />
32-->src\main\AndroidManifest.xml:23:5-75
32-->src\main\AndroidManifest.xml:23:22-72
33
34    <!-- Camera for QR scanning -->
35    <uses-permission android:name="android.permission.CAMERA" />
35-->src\main\AndroidManifest.xml:26:5-65
35-->src\main\AndroidManifest.xml:26:22-62
36
37    <uses-feature
37-->src\main\AndroidManifest.xml:28:5-85
38        android:name="android.hardware.camera"
38-->src\main\AndroidManifest.xml:28:19-57
39        android:required="false" />
39-->src\main\AndroidManifest.xml:28:58-82
40    <uses-feature
40-->src\main\AndroidManifest.xml:29:5-89
41        android:name="android.hardware.wifi.direct"
41-->src\main\AndroidManifest.xml:29:19-62
42        android:required="true" />
42-->src\main\AndroidManifest.xml:29:63-86
43
44    <permission
44-->[androidx.core:core:1.12.0] AndroidManifest.xml:22:5-24:47
45        android:name="com.atezhare.DYNAMIC_RECEIVER_NOT_EXPORTED_PERMISSION"
45-->[androidx.core:core:1.12.0] AndroidManifest.xml:23:9-81
46        android:protectionLevel="signature" />
46-->[androidx.core:core:1.12.0] AndroidManifest.xml:24:9-44
47
48    <uses-permission android:name="com.atezhare.DYNAMIC_RECEIVER_NOT_EXPORTED_PERMISSION" /> <!-- Although the *SdkVersion is captured in gradle build files, this is required for non gradle builds -->
48-->[androidx.core:core:1.12.0] AndroidManifest.xml:26:5-97
48-->[androidx.core:core:1.12.0] AndroidManifest.xml:26:22-94
49    <!-- <uses-sdk android:minSdkVersion="14"/> -->
50    <uses-permission android:name="android.permission.ACCESS_NETWORK_STATE" />
50-->[com.google.android.datatransport:transport-backend-cct:2.3.3] AndroidManifest.xml:25:5-79
50-->[com.google.android.datatransport:transport-backend-cct:2.3.3] AndroidManifest.xml:25:22-76
51
52    <application
52-->src\main\AndroidManifest.xml:31:5-58:19
53        android:allowBackup="true"
53-->src\main\AndroidManifest.xml:32:9-35
54        android:appComponentFactory="androidx.core.app.CoreComponentFactory"
54-->[androidx.core:core:1.12.0] AndroidManifest.xml:28:18-86
55        android:debuggable="true"
56        android:extractNativeLibs="false"
57        android:icon="@mipmap/ic_launcher"
57-->src\main\AndroidManifest.xml:33:9-43
58        android:label="@string/app_name"
58-->src\main\AndroidManifest.xml:34:9-41
59        android:roundIcon="@mipmap/ic_launcher_round"
59-->src\main\AndroidManifest.xml:35:9-54
60        android:supportsRtl="true"
60-->src\main\AndroidManifest.xml:36:9-35
61        android:theme="@style/Theme.WiFiShare" >
61-->src\main\AndroidManifest.xml:37:9-47
62        <activity
62-->src\main\AndroidManifest.xml:40:9-47:20
63            android:name="com.atezhare.ui.home.MainActivity"
63-->src\main\AndroidManifest.xml:41:13-49
64            android:exported="true" >
64-->src\main\AndroidManifest.xml:42:13-36
65            <intent-filter>
65-->src\main\AndroidManifest.xml:43:13-46:29
66                <action android:name="android.intent.action.MAIN" />
66-->src\main\AndroidManifest.xml:44:17-69
66-->src\main\AndroidManifest.xml:44:25-66
67
68                <category android:name="android.intent.category.LAUNCHER" />
68-->src\main\AndroidManifest.xml:45:17-77
68-->src\main\AndroidManifest.xml:45:27-74
69            </intent-filter>
70        </activity>
71        <activity
71-->src\main\AndroidManifest.xml:49:9-50:40
72            android:name="com.atezhare.ui.send.SendActivity"
72-->src\main\AndroidManifest.xml:49:19-55
73            android:exported="false" />
73-->src\main\AndroidManifest.xml:50:13-37
74        <activity
74-->src\main\AndroidManifest.xml:52:9-53:40
75            android:name="com.atezhare.ui.share.ShareActivity"
75-->src\main\AndroidManifest.xml:52:19-57
76            android:exported="false" />
76-->src\main\AndroidManifest.xml:53:13-37
77        <activity
77-->src\main\AndroidManifest.xml:55:9-56:40
78            android:name="com.atezhare.ui.receive.ReceiveActivity"
78-->src\main\AndroidManifest.xml:55:19-61
79            android:exported="false" />
79-->src\main\AndroidManifest.xml:56:13-37
80
81        <!--
82        Service for holding metadata. Cannot be instantiated.
83        Metadata will be merged from other manifests.
84        -->
85        <service
85-->[androidx.camera:camera-core:1.3.1] AndroidManifest.xml:29:9-33:78
86            android:name="androidx.camera.core.impl.MetadataHolderService"
86-->[androidx.camera:camera-core:1.3.1] AndroidManifest.xml:30:13-75
87            android:enabled="false"
87-->[androidx.camera:camera-core:1.3.1] AndroidManifest.xml:31:13-36
88            android:exported="false" >
88-->[androidx.camera:camera-core:1.3.1] AndroidManifest.xml:32:13-37
89            <meta-data
89-->[androidx.camera:camera-camera2:1.3.1] AndroidManifest.xml:30:13-32:89
90                android:name="androidx.camera.core.impl.MetadataHolderService.DEFAULT_CONFIG_PROVIDER"
90-->[androidx.camera:camera-camera2:1.3.1] AndroidManifest.xml:31:17-103
91                android:value="androidx.camera.camera2.Camera2Config$DefaultProvider" />
91-->[androidx.camera:camera-camera2:1.3.1] AndroidManifest.xml:32:17-86
92        </service>
93
94        <provider
94-->[androidx.emoji2:emoji2:1.2.0] AndroidManifest.xml:24:9-32:20
95            android:name="androidx.startup.InitializationProvider"
95-->[androidx.emoji2:emoji2:1.2.0] AndroidManifest.xml:25:13-67
96            android:authorities="com.atezhare.androidx-startup"
96-->[androidx.emoji2:emoji2:1.2.0] AndroidManifest.xml:26:13-68
97            android:exported="false" >
97-->[androidx.emoji2:emoji2:1.2.0] AndroidManifest.xml:27:13-37
98            <meta-data
98-->[androidx.emoji2:emoji2:1.2.0] AndroidManifest.xml:29:13-31:52
99                android:name="androidx.emoji2.text.EmojiCompatInitializer"
99-->[androidx.emoji2:emoji2:1.2.0] AndroidManifest.xml:30:17-75
100                android:value="androidx.startup" />
100-->[androidx.emoji2:emoji2:1.2.0] AndroidManifest.xml:31:17-49
101            <meta-data
101-->[androidx.lifecycle:lifecycle-process:2.7.0] AndroidManifest.xml:29:13-31:52
102                android:name="androidx.lifecycle.ProcessLifecycleInitializer"
102-->[androidx.lifecycle:lifecycle-process:2.7.0] AndroidManifest.xml:30:17-78
103                android:value="androidx.startup" />
103-->[androidx.lifecycle:lifecycle-process:2.7.0] AndroidManifest.xml:31:17-49
104            <meta-data
104-->[androidx.profileinstaller:profileinstaller:1.3.0] AndroidManifest.xml:29:13-31:52
105                android:name="androidx.profileinstaller.ProfileInstallerInitializer"
105-->[androidx.profileinstaller:profileinstaller:1.3.0] AndroidManifest.xml:30:17-85
106                android:value="androidx.startup" />
106-->[androidx.profileinstaller:profileinstaller:1.3.0] AndroidManifest.xml:31:17-49
107        </provider>
108
109        <service
109-->[com.google.android.gms:play-services-mlkit-barcode-scanning:18.3.0] AndroidManifest.xml:9:9-15:19
110            android:name="com.google.mlkit.common.internal.MlKitComponentDiscoveryService"
110-->[com.google.android.gms:play-services-mlkit-barcode-scanning:18.3.0] AndroidManifest.xml:10:13-91
111            android:directBootAware="true"
111-->[com.google.mlkit:common:18.9.0] AndroidManifest.xml:17:13-43
112            android:exported="false" >
112-->[com.google.android.gms:play-services-mlkit-barcode-scanning:18.3.0] AndroidManifest.xml:11:13-37
113            <meta-data
113-->[com.google.android.gms:play-services-mlkit-barcode-scanning:18.3.0] AndroidManifest.xml:12:13-14:85
114                android:name="com.google.firebase.components:com.google.mlkit.vision.barcode.internal.BarcodeRegistrar"
114-->[com.google.android.gms:play-services-mlkit-barcode-scanning:18.3.0] AndroidManifest.xml:13:17-120
115                android:value="com.google.firebase.components.ComponentRegistrar" />
115-->[com.google.android.gms:play-services-mlkit-barcode-scanning:18.3.0] AndroidManifest.xml:14:17-82
116            <meta-data
116-->[com.google.mlkit:vision-common:17.3.0] AndroidManifest.xml:12:13-14:85
117                android:name="com.google.firebase.components:com.google.mlkit.vision.common.internal.VisionCommonRegistrar"
117-->[com.google.mlkit:vision-common:17.3.0] AndroidManifest.xml:13:17-124
118                android:value="com.google.firebase.components.ComponentRegistrar" />
118-->[com.google.mlkit:vision-common:17.3.0] AndroidManifest.xml:14:17-82
119            <meta-data
119-->[com.google.mlkit:common:18.9.0] AndroidManifest.xml:20:13-22:85
120                android:name="com.google.firebase.components:com.google.mlkit.common.internal.CommonComponentRegistrar"
120-->[com.google.mlkit:common:18.9.0] AndroidManifest.xml:21:17-120
121                android:value="com.google.firebase.components.ComponentRegistrar" />
121-->[com.google.mlkit:common:18.9.0] AndroidManifest.xml:22:17-82
122        </service>
123
124        <provider
124-->[com.google.mlkit:common:18.9.0] AndroidManifest.xml:9:9-13:38
125            android:name="com.google.mlkit.common.internal.MlKitInitProvider"
125-->[com.google.mlkit:common:18.9.0] AndroidManifest.xml:10:13-78
126            android:authorities="com.atezhare.mlkitinitprovider"
126-->[com.google.mlkit:common:18.9.0] AndroidManifest.xml:11:13-69
127            android:exported="false"
127-->[com.google.mlkit:common:18.9.0] AndroidManifest.xml:12:13-37
128            android:initOrder="99" />
128-->[com.google.mlkit:common:18.9.0] AndroidManifest.xml:13:13-35
129
130        <activity
130-->[com.google.android.gms:play-services-base:18.1.0] AndroidManifest.xml:20:9-22:45
131            android:name="com.google.android.gms.common.api.GoogleApiActivity"
131-->[com.google.android.gms:play-services-base:18.1.0] AndroidManifest.xml:20:19-85
132            android:exported="false"
132-->[com.google.android.gms:play-services-base:18.1.0] AndroidManifest.xml:22:19-43
133            android:theme="@android:style/Theme.Translucent.NoTitleBar" />
133-->[com.google.android.gms:play-services-base:18.1.0] AndroidManifest.xml:21:19-78
134
135        <meta-data
135-->[com.google.android.gms:play-services-basement:18.1.0] AndroidManifest.xml:21:9-23:69
136            android:name="com.google.android.gms.version"
136-->[com.google.android.gms:play-services-basement:18.1.0] AndroidManifest.xml:22:13-58
137            android:value="@integer/google_play_services_version" />
137-->[com.google.android.gms:play-services-basement:18.1.0] AndroidManifest.xml:23:13-66
138
139        <uses-library
139-->[androidx.window:window:1.0.0] AndroidManifest.xml:25:9-27:40
140            android:name="androidx.window.extensions"
140-->[androidx.window:window:1.0.0] AndroidManifest.xml:26:13-54
141            android:required="false" />
141-->[androidx.window:window:1.0.0] AndroidManifest.xml:27:13-37
142        <uses-library
142-->[androidx.window:window:1.0.0] AndroidManifest.xml:28:9-30:40
143            android:name="androidx.window.sidecar"
143-->[androidx.window:window:1.0.0] AndroidManifest.xml:29:13-51
144            android:required="false" />
144-->[androidx.window:window:1.0.0] AndroidManifest.xml:30:13-37
145
146        <receiver
146-->[androidx.profileinstaller:profileinstaller:1.3.0] AndroidManifest.xml:34:9-52:20
147            android:name="androidx.profileinstaller.ProfileInstallReceiver"
147-->[androidx.profileinstaller:profileinstaller:1.3.0] AndroidManifest.xml:35:13-76
148            android:directBootAware="false"
148-->[androidx.profileinstaller:profileinstaller:1.3.0] AndroidManifest.xml:36:13-44
149            android:enabled="true"
149-->[androidx.profileinstaller:profileinstaller:1.3.0] AndroidManifest.xml:37:13-35
150            android:exported="true"
150-->[androidx.profileinstaller:profileinstaller:1.3.0] AndroidManifest.xml:38:13-36
151            android:permission="android.permission.DUMP" >
151-->[androidx.profileinstaller:profileinstaller:1.3.0] AndroidManifest.xml:39:13-57
152            <intent-filter>
152-->[androidx.profileinstaller:profileinstaller:1.3.0] AndroidManifest.xml:40:13-42:29
153                <action android:name="androidx.profileinstaller.action.INSTALL_PROFILE" />
153-->[androidx.profileinstaller:profileinstaller:1.3.0] AndroidManifest.xml:41:17-91
153-->[androidx.profileinstaller:profileinstaller:1.3.0] AndroidManifest.xml:41:25-88
154            </intent-filter>
155            <intent-filter>
155-->[androidx.profileinstaller:profileinstaller:1.3.0] AndroidManifest.xml:43:13-45:29
156                <action android:name="androidx.profileinstaller.action.SKIP_FILE" />
156-->[androidx.profileinstaller:profileinstaller:1.3.0] AndroidManifest.xml:44:17-85
156-->[androidx.profileinstaller:profileinstaller:1.3.0] AndroidManifest.xml:44:25-82
157            </intent-filter>
158            <intent-filter>
158-->[androidx.profileinstaller:profileinstaller:1.3.0] AndroidManifest.xml:46:13-48:29
159                <action android:name="androidx.profileinstaller.action.SAVE_PROFILE" />
159-->[androidx.profileinstaller:profileinstaller:1.3.0] AndroidManifest.xml:47:17-88
159-->[androidx.profileinstaller:profileinstaller:1.3.0] AndroidManifest.xml:47:25-85
160            </intent-filter>
161            <intent-filter>
161-->[androidx.profileinstaller:profileinstaller:1.3.0] AndroidManifest.xml:49:13-51:29
162                <action android:name="androidx.profileinstaller.action.BENCHMARK_OPERATION" />
162-->[androidx.profileinstaller:profileinstaller:1.3.0] AndroidManifest.xml:50:17-95
162-->[androidx.profileinstaller:profileinstaller:1.3.0] AndroidManifest.xml:50:25-92
163            </intent-filter>
164        </receiver>
165
166        <service
166-->[com.google.android.datatransport:transport-backend-cct:2.3.3] AndroidManifest.xml:29:9-35:19
167            android:name="com.google.android.datatransport.runtime.backends.TransportBackendDiscovery"
167-->[com.google.android.datatransport:transport-backend-cct:2.3.3] AndroidManifest.xml:30:13-103
168            android:exported="false" >
168-->[com.google.android.datatransport:transport-backend-cct:2.3.3] AndroidManifest.xml:31:13-37
169            <meta-data
169-->[com.google.android.datatransport:transport-backend-cct:2.3.3] AndroidManifest.xml:32:13-34:39
170                android:name="backend:com.google.android.datatransport.cct.CctBackendFactory"
170-->[com.google.android.datatransport:transport-backend-cct:2.3.3] AndroidManifest.xml:33:17-94
171                android:value="cct" />
171-->[com.google.android.datatransport:transport-backend-cct:2.3.3] AndroidManifest.xml:34:17-36
172        </service>
173        <service
173-->[com.google.android.datatransport:transport-runtime:2.2.6] AndroidManifest.xml:26:9-30:19
174            android:name="com.google.android.datatransport.runtime.scheduling.jobscheduling.JobInfoSchedulerService"
174-->[com.google.android.datatransport:transport-runtime:2.2.6] AndroidManifest.xml:27:13-117
175            android:exported="false"
175-->[com.google.android.datatransport:transport-runtime:2.2.6] AndroidManifest.xml:28:13-37
176            android:permission="android.permission.BIND_JOB_SERVICE" >
176-->[com.google.android.datatransport:transport-runtime:2.2.6] AndroidManifest.xml:29:13-69
177        </service>
178
179        <receiver
179-->[com.google.android.datatransport:transport-runtime:2.2.6] AndroidManifest.xml:32:9-34:40
180            android:name="com.google.android.datatransport.runtime.scheduling.jobscheduling.AlarmManagerSchedulerBroadcastReceiver"
180-->[com.google.android.datatransport:transport-runtime:2.2.6] AndroidManifest.xml:33:13-132
181            android:exported="false" />
181-->[com.google.android.datatransport:transport-runtime:2.2.6] AndroidManifest.xml:34:13-37
182    </application>
183
184</manifest>